[2023-03-10T08:57:44.268+0000] {processor.py:153} INFO - Started process (PID=178) to work on /opt/airflow/dags/ingest_to_db.py
[2023-03-10T08:57:44.270+0000] {processor.py:743} INFO - Processing file /opt/airflow/dags/ingest_to_db.py for tasks to queue
[2023-03-10T08:57:44.271+0000] {logging_mixin.py:137} INFO - [2023-03-10T08:57:44.271+0000] {dagbag.py:538} INFO - Filling up the DagBag from /opt/airflow/dags/ingest_to_db.py
[2023-03-10T08:57:45.607+0000] {processor.py:753} INFO - DAG(s) dict_keys(['ingest_to_db']) retrieved from /opt/airflow/dags/ingest_to_db.py
[2023-03-10T08:57:45.898+0000] {logging_mixin.py:137} INFO - [2023-03-10T08:57:45.898+0000] {manager.py:504} INFO - Created Permission View: can edit on DAG:ingest_to_db
[2023-03-10T08:57:45.911+0000] {logging_mixin.py:137} INFO - [2023-03-10T08:57:45.911+0000] {manager.py:504} INFO - Created Permission View: can read on DAG:ingest_to_db
[2023-03-10T08:57:45.922+0000] {logging_mixin.py:137} INFO - [2023-03-10T08:57:45.921+0000] {manager.py:504} INFO - Created Permission View: can delete on DAG:ingest_to_db
[2023-03-10T08:57:45.923+0000] {logging_mixin.py:137} INFO - [2023-03-10T08:57:45.922+0000] {dag.py:2690} INFO - Sync 1 DAGs
[2023-03-10T08:57:46.172+0000] {logging_mixin.py:137} INFO - [2023-03-10T08:57:46.171+0000] {dag.py:2711} INFO - Creating ORM DAG for ingest_to_db
[2023-03-10T08:57:46.190+0000] {logging_mixin.py:137} INFO - [2023-03-10T08:57:46.190+0000] {dag.py:3441} INFO - Setting next_dagrun for ingest_to_db to None, run_after=None
[2023-03-10T08:57:46.221+0000] {processor.py:175} INFO - Processing /opt/airflow/dags/ingest_to_db.py took 1.960 seconds
[2023-03-10T08:58:16.452+0000] {processor.py:153} INFO - Started process (PID=208) to work on /opt/airflow/dags/ingest_to_db.py
[2023-03-10T08:58:16.453+0000] {processor.py:743} INFO - Processing file /opt/airflow/dags/ingest_to_db.py for tasks to queue
[2023-03-10T08:58:16.454+0000] {logging_mixin.py:137} INFO - [2023-03-10T08:58:16.453+0000] {dagbag.py:538} INFO - Filling up the DagBag from /opt/airflow/dags/ingest_to_db.py
[2023-03-10T08:58:16.830+0000] {processor.py:753} INFO - DAG(s) dict_keys(['ingest_to_db']) retrieved from /opt/airflow/dags/ingest_to_db.py
[2023-03-10T08:58:16.863+0000] {logging_mixin.py:137} INFO - [2023-03-10T08:58:16.862+0000] {dag.py:2690} INFO - Sync 1 DAGs
[2023-03-10T08:58:16.903+0000] {logging_mixin.py:137} INFO - [2023-03-10T08:58:16.903+0000] {dag.py:3441} INFO - Setting next_dagrun for ingest_to_db to None, run_after=None
[2023-03-10T08:58:16.931+0000] {processor.py:175} INFO - Processing /opt/airflow/dags/ingest_to_db.py took 0.486 seconds
[2023-03-10T08:58:39.077+0000] {processor.py:153} INFO - Started process (PID=238) to work on /opt/airflow/dags/ingest_to_db.py
[2023-03-10T08:58:39.078+0000] {processor.py:743} INFO - Processing file /opt/airflow/dags/ingest_to_db.py for tasks to queue
[2023-03-10T08:58:39.080+0000] {logging_mixin.py:137} INFO - [2023-03-10T08:58:39.079+0000] {dagbag.py:538} INFO - Filling up the DagBag from /opt/airflow/dags/ingest_to_db.py
[2023-03-10T08:58:39.475+0000] {processor.py:753} INFO - DAG(s) dict_keys(['ingest_to_db']) retrieved from /opt/airflow/dags/ingest_to_db.py
[2023-03-10T08:58:39.515+0000] {logging_mixin.py:137} INFO - [2023-03-10T08:58:39.515+0000] {dag.py:2690} INFO - Sync 1 DAGs
[2023-03-10T08:58:39.554+0000] {logging_mixin.py:137} INFO - [2023-03-10T08:58:39.553+0000] {dag.py:3441} INFO - Setting next_dagrun for ingest_to_db to None, run_after=None
[2023-03-10T08:58:39.591+0000] {processor.py:175} INFO - Processing /opt/airflow/dags/ingest_to_db.py took 0.520 seconds
[2023-03-10T08:59:09.785+0000] {processor.py:153} INFO - Started process (PID=268) to work on /opt/airflow/dags/ingest_to_db.py
[2023-03-10T08:59:09.792+0000] {processor.py:743} INFO - Processing file /opt/airflow/dags/ingest_to_db.py for tasks to queue
[2023-03-10T08:59:09.793+0000] {logging_mixin.py:137} INFO - [2023-03-10T08:59:09.793+0000] {dagbag.py:538} INFO - Filling up the DagBag from /opt/airflow/dags/ingest_to_db.py
[2023-03-10T08:59:10.187+0000] {processor.py:753} INFO - DAG(s) dict_keys(['ingest_to_db']) retrieved from /opt/airflow/dags/ingest_to_db.py
[2023-03-10T08:59:10.228+0000] {logging_mixin.py:137} INFO - [2023-03-10T08:59:10.228+0000] {dag.py:2690} INFO - Sync 1 DAGs
[2023-03-10T08:59:10.268+0000] {logging_mixin.py:137} INFO - [2023-03-10T08:59:10.267+0000] {dag.py:3441} INFO - Setting next_dagrun for ingest_to_db to None, run_after=None
[2023-03-10T08:59:10.297+0000] {processor.py:175} INFO - Processing /opt/airflow/dags/ingest_to_db.py took 0.518 seconds
[2023-03-10T08:59:40.486+0000] {processor.py:153} INFO - Started process (PID=301) to work on /opt/airflow/dags/ingest_to_db.py
[2023-03-10T08:59:40.488+0000] {processor.py:743} INFO - Processing file /opt/airflow/dags/ingest_to_db.py for tasks to queue
[2023-03-10T08:59:40.489+0000] {logging_mixin.py:137} INFO - [2023-03-10T08:59:40.489+0000] {dagbag.py:538} INFO - Filling up the DagBag from /opt/airflow/dags/ingest_to_db.py
[2023-03-10T08:59:40.940+0000] {processor.py:753} INFO - DAG(s) dict_keys(['ingest_to_db']) retrieved from /opt/airflow/dags/ingest_to_db.py
[2023-03-10T08:59:40.976+0000] {logging_mixin.py:137} INFO - [2023-03-10T08:59:40.976+0000] {dag.py:2690} INFO - Sync 1 DAGs
[2023-03-10T08:59:41.015+0000] {logging_mixin.py:137} INFO - [2023-03-10T08:59:41.015+0000] {dag.py:3441} INFO - Setting next_dagrun for ingest_to_db to None, run_after=None
[2023-03-10T08:59:41.043+0000] {processor.py:175} INFO - Processing /opt/airflow/dags/ingest_to_db.py took 0.564 seconds
[2023-03-10T09:00:01.067+0000] {processor.py:153} INFO - Started process (PID=330) to work on /opt/airflow/dags/ingest_to_db.py
[2023-03-10T09:00:01.072+0000] {processor.py:743} INFO - Processing file /opt/airflow/dags/ingest_to_db.py for tasks to queue
[2023-03-10T09:00:01.074+0000] {logging_mixin.py:137} INFO - [2023-03-10T09:00:01.074+0000] {dagbag.py:538} INFO - Filling up the DagBag from /opt/airflow/dags/ingest_to_db.py
[2023-03-10T09:00:01.739+0000] {processor.py:753} INFO - DAG(s) dict_keys(['ingest_to_db']) retrieved from /opt/airflow/dags/ingest_to_db.py
[2023-03-10T09:00:01.796+0000] {logging_mixin.py:137} INFO - [2023-03-10T09:00:01.795+0000] {dag.py:2690} INFO - Sync 1 DAGs
[2023-03-10T09:00:01.865+0000] {logging_mixin.py:137} INFO - [2023-03-10T09:00:01.864+0000] {dag.py:3441} INFO - Setting next_dagrun for ingest_to_db to None, run_after=None
[2023-03-10T09:00:01.919+0000] {processor.py:175} INFO - Processing /opt/airflow/dags/ingest_to_db.py took 0.859 seconds
[2023-03-10T09:00:32.123+0000] {processor.py:153} INFO - Started process (PID=363) to work on /opt/airflow/dags/ingest_to_db.py
[2023-03-10T09:00:32.124+0000] {processor.py:743} INFO - Processing file /opt/airflow/dags/ingest_to_db.py for tasks to queue
[2023-03-10T09:00:32.126+0000] {logging_mixin.py:137} INFO - [2023-03-10T09:00:32.125+0000] {dagbag.py:538} INFO - Filling up the DagBag from /opt/airflow/dags/ingest_to_db.py
[2023-03-10T09:00:32.510+0000] {processor.py:753} INFO - DAG(s) dict_keys(['ingest_to_db']) retrieved from /opt/airflow/dags/ingest_to_db.py
[2023-03-10T09:00:32.546+0000] {logging_mixin.py:137} INFO - [2023-03-10T09:00:32.545+0000] {dag.py:2690} INFO - Sync 1 DAGs
[2023-03-10T09:00:32.587+0000] {logging_mixin.py:137} INFO - [2023-03-10T09:00:32.587+0000] {dag.py:3441} INFO - Setting next_dagrun for ingest_to_db to None, run_after=None
[2023-03-10T09:00:32.821+0000] {processor.py:175} INFO - Processing /opt/airflow/dags/ingest_to_db.py took 0.706 seconds
[2023-03-10T09:01:03.015+0000] {processor.py:153} INFO - Started process (PID=393) to work on /opt/airflow/dags/ingest_to_db.py
[2023-03-10T09:01:03.018+0000] {processor.py:743} INFO - Processing file /opt/airflow/dags/ingest_to_db.py for tasks to queue
[2023-03-10T09:01:03.020+0000] {logging_mixin.py:137} INFO - [2023-03-10T09:01:03.019+0000] {dagbag.py:538} INFO - Filling up the DagBag from /opt/airflow/dags/ingest_to_db.py
[2023-03-10T09:01:03.424+0000] {processor.py:753} INFO - DAG(s) dict_keys(['ingest_to_db']) retrieved from /opt/airflow/dags/ingest_to_db.py
[2023-03-10T09:01:03.466+0000] {logging_mixin.py:137} INFO - [2023-03-10T09:01:03.466+0000] {dag.py:2690} INFO - Sync 1 DAGs
[2023-03-10T09:01:03.511+0000] {logging_mixin.py:137} INFO - [2023-03-10T09:01:03.510+0000] {dag.py:3441} INFO - Setting next_dagrun for ingest_to_db to None, run_after=None
[2023-03-10T09:01:03.540+0000] {processor.py:175} INFO - Processing /opt/airflow/dags/ingest_to_db.py took 0.532 seconds
[2023-03-10T09:01:33.615+0000] {processor.py:153} INFO - Started process (PID=423) to work on /opt/airflow/dags/ingest_to_db.py
[2023-03-10T09:01:33.617+0000] {processor.py:743} INFO - Processing file /opt/airflow/dags/ingest_to_db.py for tasks to queue
[2023-03-10T09:01:33.618+0000] {logging_mixin.py:137} INFO - [2023-03-10T09:01:33.618+0000] {dagbag.py:538} INFO - Filling up the DagBag from /opt/airflow/dags/ingest_to_db.py
[2023-03-10T09:01:34.018+0000] {processor.py:753} INFO - DAG(s) dict_keys(['ingest_to_db']) retrieved from /opt/airflow/dags/ingest_to_db.py
[2023-03-10T09:01:34.054+0000] {logging_mixin.py:137} INFO - [2023-03-10T09:01:34.053+0000] {dag.py:2690} INFO - Sync 1 DAGs
[2023-03-10T09:01:34.095+0000] {logging_mixin.py:137} INFO - [2023-03-10T09:01:34.095+0000] {dag.py:3441} INFO - Setting next_dagrun for ingest_to_db to None, run_after=None
[2023-03-10T09:01:34.125+0000] {processor.py:175} INFO - Processing /opt/airflow/dags/ingest_to_db.py took 0.515 seconds
[2023-03-10T09:02:04.319+0000] {processor.py:153} INFO - Started process (PID=461) to work on /opt/airflow/dags/ingest_to_db.py
[2023-03-10T09:02:04.324+0000] {processor.py:743} INFO - Processing file /opt/airflow/dags/ingest_to_db.py for tasks to queue
[2023-03-10T09:02:04.326+0000] {logging_mixin.py:137} INFO - [2023-03-10T09:02:04.325+0000] {dagbag.py:538} INFO - Filling up the DagBag from /opt/airflow/dags/ingest_to_db.py
[2023-03-10T09:02:04.903+0000] {processor.py:753} INFO - DAG(s) dict_keys(['ingest_to_db']) retrieved from /opt/airflow/dags/ingest_to_db.py
[2023-03-10T09:02:04.952+0000] {logging_mixin.py:137} INFO - [2023-03-10T09:02:04.951+0000] {dag.py:2690} INFO - Sync 1 DAGs
[2023-03-10T09:02:05.015+0000] {logging_mixin.py:137} INFO - [2023-03-10T09:02:05.015+0000] {dag.py:3441} INFO - Setting next_dagrun for ingest_to_db to None, run_after=None
[2023-03-10T09:02:05.055+0000] {processor.py:175} INFO - Processing /opt/airflow/dags/ingest_to_db.py took 0.745 seconds
[2023-03-10T09:02:35.240+0000] {processor.py:153} INFO - Started process (PID=496) to work on /opt/airflow/dags/ingest_to_db.py
[2023-03-10T09:02:35.243+0000] {processor.py:743} INFO - Processing file /opt/airflow/dags/ingest_to_db.py for tasks to queue
[2023-03-10T09:02:35.244+0000] {logging_mixin.py:137} INFO - [2023-03-10T09:02:35.244+0000] {dagbag.py:538} INFO - Filling up the DagBag from /opt/airflow/dags/ingest_to_db.py
[2023-03-10T09:02:35.736+0000] {processor.py:753} INFO - DAG(s) dict_keys(['ingest_to_db']) retrieved from /opt/airflow/dags/ingest_to_db.py
[2023-03-10T09:02:35.779+0000] {logging_mixin.py:137} INFO - [2023-03-10T09:02:35.778+0000] {dag.py:2690} INFO - Sync 1 DAGs
[2023-03-10T09:02:35.818+0000] {logging_mixin.py:137} INFO - [2023-03-10T09:02:35.818+0000] {dag.py:3441} INFO - Setting next_dagrun for ingest_to_db to None, run_after=None
[2023-03-10T09:02:35.848+0000] {processor.py:175} INFO - Processing /opt/airflow/dags/ingest_to_db.py took 0.616 seconds
[2023-03-10T09:03:06.039+0000] {processor.py:153} INFO - Started process (PID=526) to work on /opt/airflow/dags/ingest_to_db.py
[2023-03-10T09:03:06.041+0000] {processor.py:743} INFO - Processing file /opt/airflow/dags/ingest_to_db.py for tasks to queue
[2023-03-10T09:03:06.042+0000] {logging_mixin.py:137} INFO - [2023-03-10T09:03:06.042+0000] {dagbag.py:538} INFO - Filling up the DagBag from /opt/airflow/dags/ingest_to_db.py
[2023-03-10T09:03:06.418+0000] {processor.py:753} INFO - DAG(s) dict_keys(['ingest_to_db']) retrieved from /opt/airflow/dags/ingest_to_db.py
[2023-03-10T09:03:06.461+0000] {logging_mixin.py:137} INFO - [2023-03-10T09:03:06.460+0000] {dag.py:2690} INFO - Sync 1 DAGs
[2023-03-10T09:03:06.517+0000] {logging_mixin.py:137} INFO - [2023-03-10T09:03:06.517+0000] {dag.py:3441} INFO - Setting next_dagrun for ingest_to_db to None, run_after=None
[2023-03-10T09:03:06.553+0000] {processor.py:175} INFO - Processing /opt/airflow/dags/ingest_to_db.py took 0.520 seconds
[2023-03-10T09:03:07.607+0000] {processor.py:153} INFO - Started process (PID=532) to work on /opt/airflow/dags/ingest_to_db.py
[2023-03-10T09:03:07.608+0000] {processor.py:743} INFO - Processing file /opt/airflow/dags/ingest_to_db.py for tasks to queue
[2023-03-10T09:03:07.609+0000] {logging_mixin.py:137} INFO - [2023-03-10T09:03:07.609+0000] {dagbag.py:538} INFO - Filling up the DagBag from /opt/airflow/dags/ingest_to_db.py
[2023-03-10T09:03:07.988+0000] {processor.py:753} INFO - DAG(s) dict_keys(['ingest_to_db']) retrieved from /opt/airflow/dags/ingest_to_db.py
[2023-03-10T09:03:08.025+0000] {logging_mixin.py:137} INFO - [2023-03-10T09:03:08.025+0000] {dag.py:2690} INFO - Sync 1 DAGs
[2023-03-10T09:03:08.066+0000] {logging_mixin.py:137} INFO - [2023-03-10T09:03:08.066+0000] {dag.py:3441} INFO - Setting next_dagrun for ingest_to_db to None, run_after=None
[2023-03-10T09:03:08.101+0000] {processor.py:175} INFO - Processing /opt/airflow/dags/ingest_to_db.py took 0.500 seconds
[2023-03-10T09:03:38.289+0000] {processor.py:153} INFO - Started process (PID=565) to work on /opt/airflow/dags/ingest_to_db.py
[2023-03-10T09:03:38.290+0000] {processor.py:743} INFO - Processing file /opt/airflow/dags/ingest_to_db.py for tasks to queue
[2023-03-10T09:03:38.291+0000] {logging_mixin.py:137} INFO - [2023-03-10T09:03:38.291+0000] {dagbag.py:538} INFO - Filling up the DagBag from /opt/airflow/dags/ingest_to_db.py
[2023-03-10T09:03:38.652+0000] {processor.py:753} INFO - DAG(s) dict_keys(['ingest_to_db']) retrieved from /opt/airflow/dags/ingest_to_db.py
[2023-03-10T09:03:38.689+0000] {logging_mixin.py:137} INFO - [2023-03-10T09:03:38.689+0000] {dag.py:2690} INFO - Sync 1 DAGs
[2023-03-10T09:03:38.726+0000] {logging_mixin.py:137} INFO - [2023-03-10T09:03:38.726+0000] {dag.py:3441} INFO - Setting next_dagrun for ingest_to_db to None, run_after=None
[2023-03-10T09:03:38.970+0000] {processor.py:175} INFO - Processing /opt/airflow/dags/ingest_to_db.py took 0.687 seconds
[2023-03-10T09:04:09.157+0000] {processor.py:153} INFO - Started process (PID=597) to work on /opt/airflow/dags/ingest_to_db.py
[2023-03-10T09:04:09.160+0000] {processor.py:743} INFO - Processing file /opt/airflow/dags/ingest_to_db.py for tasks to queue
[2023-03-10T09:04:09.161+0000] {logging_mixin.py:137} INFO - [2023-03-10T09:04:09.161+0000] {dagbag.py:538} INFO - Filling up the DagBag from /opt/airflow/dags/ingest_to_db.py
[2023-03-10T09:04:09.654+0000] {processor.py:753} INFO - DAG(s) dict_keys(['ingest_to_db']) retrieved from /opt/airflow/dags/ingest_to_db.py
[2023-03-10T09:04:09.704+0000] {logging_mixin.py:137} INFO - [2023-03-10T09:04:09.703+0000] {dag.py:2690} INFO - Sync 1 DAGs
[2023-03-10T09:04:10.032+0000] {logging_mixin.py:137} INFO - [2023-03-10T09:04:10.031+0000] {dag.py:3441} INFO - Setting next_dagrun for ingest_to_db to None, run_after=None
[2023-03-10T09:04:10.068+0000] {processor.py:175} INFO - Processing /opt/airflow/dags/ingest_to_db.py took 0.917 seconds
[2023-03-10T09:04:40.257+0000] {processor.py:153} INFO - Started process (PID=642) to work on /opt/airflow/dags/ingest_to_db.py
[2023-03-10T09:04:40.259+0000] {processor.py:743} INFO - Processing file /opt/airflow/dags/ingest_to_db.py for tasks to queue
[2023-03-10T09:04:40.261+0000] {logging_mixin.py:137} INFO - [2023-03-10T09:04:40.260+0000] {dagbag.py:538} INFO - Filling up the DagBag from /opt/airflow/dags/ingest_to_db.py
[2023-03-10T09:04:40.658+0000] {processor.py:753} INFO - DAG(s) dict_keys(['ingest_to_db']) retrieved from /opt/airflow/dags/ingest_to_db.py
[2023-03-10T09:04:40.704+0000] {logging_mixin.py:137} INFO - [2023-03-10T09:04:40.704+0000] {dag.py:2690} INFO - Sync 1 DAGs
[2023-03-10T09:04:40.757+0000] {logging_mixin.py:137} INFO - [2023-03-10T09:04:40.756+0000] {dag.py:3441} INFO - Setting next_dagrun for ingest_to_db to None, run_after=None
[2023-03-10T09:04:40.797+0000] {processor.py:175} INFO - Processing /opt/airflow/dags/ingest_to_db.py took 0.548 seconds
[2023-03-10T09:05:10.986+0000] {processor.py:153} INFO - Started process (PID=672) to work on /opt/airflow/dags/ingest_to_db.py
[2023-03-10T09:05:10.989+0000] {processor.py:743} INFO - Processing file /opt/airflow/dags/ingest_to_db.py for tasks to queue
[2023-03-10T09:05:10.990+0000] {logging_mixin.py:137} INFO - [2023-03-10T09:05:10.990+0000] {dagbag.py:538} INFO - Filling up the DagBag from /opt/airflow/dags/ingest_to_db.py
[2023-03-10T09:05:11.415+0000] {processor.py:753} INFO - DAG(s) dict_keys(['ingest_to_db']) retrieved from /opt/airflow/dags/ingest_to_db.py
[2023-03-10T09:05:11.452+0000] {logging_mixin.py:137} INFO - [2023-03-10T09:05:11.451+0000] {dag.py:2690} INFO - Sync 1 DAGs
[2023-03-10T09:05:11.490+0000] {logging_mixin.py:137} INFO - [2023-03-10T09:05:11.490+0000] {dag.py:3441} INFO - Setting next_dagrun for ingest_to_db to None, run_after=None
[2023-03-10T09:05:11.518+0000] {processor.py:175} INFO - Processing /opt/airflow/dags/ingest_to_db.py took 0.538 seconds
[2023-03-10T09:05:41.565+0000] {processor.py:153} INFO - Started process (PID=705) to work on /opt/airflow/dags/ingest_to_db.py
[2023-03-10T09:05:41.566+0000] {processor.py:743} INFO - Processing file /opt/airflow/dags/ingest_to_db.py for tasks to queue
[2023-03-10T09:05:41.567+0000] {logging_mixin.py:137} INFO - [2023-03-10T09:05:41.567+0000] {dagbag.py:538} INFO - Filling up the DagBag from /opt/airflow/dags/ingest_to_db.py
[2023-03-10T09:05:41.952+0000] {processor.py:753} INFO - DAG(s) dict_keys(['ingest_to_db']) retrieved from /opt/airflow/dags/ingest_to_db.py
[2023-03-10T09:05:41.991+0000] {logging_mixin.py:137} INFO - [2023-03-10T09:05:41.991+0000] {dag.py:2690} INFO - Sync 1 DAGs
[2023-03-10T09:05:42.032+0000] {logging_mixin.py:137} INFO - [2023-03-10T09:05:42.032+0000] {dag.py:3441} INFO - Setting next_dagrun for ingest_to_db to None, run_after=None
[2023-03-10T09:05:42.064+0000] {processor.py:175} INFO - Processing /opt/airflow/dags/ingest_to_db.py took 0.506 seconds
[2023-03-10T09:06:12.265+0000] {processor.py:153} INFO - Started process (PID=735) to work on /opt/airflow/dags/ingest_to_db.py
[2023-03-10T09:06:12.268+0000] {processor.py:743} INFO - Processing file /opt/airflow/dags/ingest_to_db.py for tasks to queue
[2023-03-10T09:06:12.269+0000] {logging_mixin.py:137} INFO - [2023-03-10T09:06:12.269+0000] {dagbag.py:538} INFO - Filling up the DagBag from /opt/airflow/dags/ingest_to_db.py
[2023-03-10T09:06:12.665+0000] {processor.py:753} INFO - DAG(s) dict_keys(['ingest_to_db']) retrieved from /opt/airflow/dags/ingest_to_db.py
[2023-03-10T09:06:12.703+0000] {logging_mixin.py:137} INFO - [2023-03-10T09:06:12.703+0000] {dag.py:2690} INFO - Sync 1 DAGs
[2023-03-10T09:06:12.741+0000] {logging_mixin.py:137} INFO - [2023-03-10T09:06:12.741+0000] {dag.py:3441} INFO - Setting next_dagrun for ingest_to_db to None, run_after=None
[2023-03-10T09:06:12.772+0000] {processor.py:175} INFO - Processing /opt/airflow/dags/ingest_to_db.py took 0.515 seconds
[2023-03-10T09:06:43.014+0000] {processor.py:153} INFO - Started process (PID=778) to work on /opt/airflow/dags/ingest_to_db.py
[2023-03-10T09:06:43.016+0000] {processor.py:743} INFO - Processing file /opt/airflow/dags/ingest_to_db.py for tasks to queue
[2023-03-10T09:06:43.018+0000] {logging_mixin.py:137} INFO - [2023-03-10T09:06:43.017+0000] {dagbag.py:538} INFO - Filling up the DagBag from /opt/airflow/dags/ingest_to_db.py
[2023-03-10T09:06:43.572+0000] {processor.py:753} INFO - DAG(s) dict_keys(['ingest_to_db']) retrieved from /opt/airflow/dags/ingest_to_db.py
[2023-03-10T09:06:43.620+0000] {logging_mixin.py:137} INFO - [2023-03-10T09:06:43.619+0000] {dag.py:2690} INFO - Sync 1 DAGs
[2023-03-10T09:06:43.674+0000] {logging_mixin.py:137} INFO - [2023-03-10T09:06:43.674+0000] {dag.py:3441} INFO - Setting next_dagrun for ingest_to_db to None, run_after=None
[2023-03-10T09:06:43.715+0000] {processor.py:175} INFO - Processing /opt/airflow/dags/ingest_to_db.py took 0.708 seconds
[2023-03-10T09:07:13.908+0000] {processor.py:153} INFO - Started process (PID=808) to work on /opt/airflow/dags/ingest_to_db.py
[2023-03-10T09:07:13.912+0000] {processor.py:743} INFO - Processing file /opt/airflow/dags/ingest_to_db.py for tasks to queue
[2023-03-10T09:07:13.913+0000] {logging_mixin.py:137} INFO - [2023-03-10T09:07:13.913+0000] {dagbag.py:538} INFO - Filling up the DagBag from /opt/airflow/dags/ingest_to_db.py
[2023-03-10T09:07:14.291+0000] {processor.py:753} INFO - DAG(s) dict_keys(['ingest_to_db']) retrieved from /opt/airflow/dags/ingest_to_db.py
[2023-03-10T09:07:14.328+0000] {logging_mixin.py:137} INFO - [2023-03-10T09:07:14.328+0000] {dag.py:2690} INFO - Sync 1 DAGs
[2023-03-10T09:07:14.369+0000] {logging_mixin.py:137} INFO - [2023-03-10T09:07:14.368+0000] {dag.py:3441} INFO - Setting next_dagrun for ingest_to_db to None, run_after=None
[2023-03-10T09:07:14.625+0000] {processor.py:175} INFO - Processing /opt/airflow/dags/ingest_to_db.py took 0.723 seconds
[2023-03-10T09:07:44.729+0000] {processor.py:153} INFO - Started process (PID=838) to work on /opt/airflow/dags/ingest_to_db.py
[2023-03-10T09:07:44.730+0000] {processor.py:743} INFO - Processing file /opt/airflow/dags/ingest_to_db.py for tasks to queue
[2023-03-10T09:07:44.731+0000] {logging_mixin.py:137} INFO - [2023-03-10T09:07:44.731+0000] {dagbag.py:538} INFO - Filling up the DagBag from /opt/airflow/dags/ingest_to_db.py
[2023-03-10T09:07:45.128+0000] {processor.py:753} INFO - DAG(s) dict_keys(['ingest_to_db']) retrieved from /opt/airflow/dags/ingest_to_db.py
[2023-03-10T09:07:45.165+0000] {logging_mixin.py:137} INFO - [2023-03-10T09:07:45.164+0000] {dag.py:2690} INFO - Sync 1 DAGs
[2023-03-10T09:07:45.420+0000] {logging_mixin.py:137} INFO - [2023-03-10T09:07:45.419+0000] {dag.py:3441} INFO - Setting next_dagrun for ingest_to_db to None, run_after=None
[2023-03-10T09:07:45.445+0000] {processor.py:175} INFO - Processing /opt/airflow/dags/ingest_to_db.py took 0.722 seconds
[2023-03-10T09:08:15.641+0000] {processor.py:153} INFO - Started process (PID=868) to work on /opt/airflow/dags/ingest_to_db.py
[2023-03-10T09:08:15.644+0000] {processor.py:743} INFO - Processing file /opt/airflow/dags/ingest_to_db.py for tasks to queue
[2023-03-10T09:08:15.645+0000] {logging_mixin.py:137} INFO - [2023-03-10T09:08:15.645+0000] {dagbag.py:538} INFO - Filling up the DagBag from /opt/airflow/dags/ingest_to_db.py
[2023-03-10T09:08:16.017+0000] {processor.py:753} INFO - DAG(s) dict_keys(['ingest_to_db']) retrieved from /opt/airflow/dags/ingest_to_db.py
[2023-03-10T09:08:16.058+0000] {logging_mixin.py:137} INFO - [2023-03-10T09:08:16.057+0000] {dag.py:2690} INFO - Sync 1 DAGs
[2023-03-10T09:08:16.097+0000] {logging_mixin.py:137} INFO - [2023-03-10T09:08:16.097+0000] {dag.py:3441} INFO - Setting next_dagrun for ingest_to_db to None, run_after=None
[2023-03-10T09:08:16.125+0000] {processor.py:175} INFO - Processing /opt/airflow/dags/ingest_to_db.py took 0.490 seconds
[2023-03-10T09:08:46.303+0000] {processor.py:153} INFO - Started process (PID=907) to work on /opt/airflow/dags/ingest_to_db.py
[2023-03-10T09:08:46.305+0000] {processor.py:743} INFO - Processing file /opt/airflow/dags/ingest_to_db.py for tasks to queue
[2023-03-10T09:08:46.307+0000] {logging_mixin.py:137} INFO - [2023-03-10T09:08:46.306+0000] {dagbag.py:538} INFO - Filling up the DagBag from /opt/airflow/dags/ingest_to_db.py
[2023-03-10T09:08:46.854+0000] {processor.py:753} INFO - DAG(s) dict_keys(['ingest_to_db']) retrieved from /opt/airflow/dags/ingest_to_db.py
[2023-03-10T09:08:46.906+0000] {logging_mixin.py:137} INFO - [2023-03-10T09:08:46.905+0000] {dag.py:2690} INFO - Sync 1 DAGs
[2023-03-10T09:08:46.965+0000] {logging_mixin.py:137} INFO - [2023-03-10T09:08:46.965+0000] {dag.py:3441} INFO - Setting next_dagrun for ingest_to_db to None, run_after=None
[2023-03-10T09:08:47.011+0000] {processor.py:175} INFO - Processing /opt/airflow/dags/ingest_to_db.py took 0.718 seconds
