[2023-03-10T09:04:29.279+0000] {taskinstance.py:1083} INFO - Dependencies all met for <TaskInstance: ingest_to_db.etl manual__2023-03-10T08:59:25.849315+00:00 [queued]>
[2023-03-10T09:04:29.296+0000] {taskinstance.py:1083} INFO - Dependencies all met for <TaskInstance: ingest_to_db.etl manual__2023-03-10T08:59:25.849315+00:00 [queued]>
[2023-03-10T09:04:29.297+0000] {taskinstance.py:1279} INFO - 
--------------------------------------------------------------------------------
[2023-03-10T09:04:29.297+0000] {taskinstance.py:1280} INFO - Starting attempt 2 of 3
[2023-03-10T09:04:29.297+0000] {taskinstance.py:1281} INFO - 
--------------------------------------------------------------------------------
[2023-03-10T09:04:29.322+0000] {taskinstance.py:1300} INFO - Executing <Task(PythonOperator): etl> on 2023-03-10 08:59:25.849315+00:00
[2023-03-10T09:04:29.332+0000] {standard_task_runner.py:55} INFO - Started process 629 to run task
[2023-03-10T09:04:29.337+0000] {standard_task_runner.py:82} INFO - Running: ['***', 'tasks', 'run', 'ingest_to_db', 'etl', 'manual__2023-03-10T08:59:25.849315+00:00', '--job-id', '6', '--raw', '--subdir', 'DAGS_FOLDER/ingest_to_db.py', '--cfg-path', '/tmp/tmpppatmauu']
[2023-03-10T09:04:29.340+0000] {standard_task_runner.py:83} INFO - Job 6: Subtask etl
[2023-03-10T09:04:29.435+0000] {task_command.py:388} INFO - Running <TaskInstance: ingest_to_db.etl manual__2023-03-10T08:59:25.849315+00:00 [running]> on host b632355117cc
[2023-03-10T09:04:29.543+0000] {taskinstance.py:1509} INFO - Exporting the following env vars:
AIRFLOW_CTX_DAG_OWNER=***
AIRFLOW_CTX_DAG_ID=ingest_to_db
AIRFLOW_CTX_TASK_ID=etl
AIRFLOW_CTX_EXECUTION_DATE=2023-03-10T08:59:25.849315+00:00
AIRFLOW_CTX_TRY_NUMBER=2
AIRFLOW_CTX_DAG_RUN_ID=manual__2023-03-10T08:59:25.849315+00:00
[2023-03-10T09:04:30.179+0000] {python.py:177} INFO - Done. Returned value was: None
[2023-03-10T09:04:30.194+0000] {taskinstance.py:1323} INFO - Marking task as SUCCESS. dag_id=ingest_to_db, task_id=etl, execution_date=20230310T085925, start_date=20230310T090429, end_date=20230310T090430
[2023-03-10T09:04:30.233+0000] {local_task_job.py:208} INFO - Task exited with return code 0
[2023-03-10T09:04:30.261+0000] {taskinstance.py:2578} INFO - 0 downstream tasks scheduled from follow-on schedule check
