[2023-03-10T08:19:57.280+0000] {manager.py:483} INFO - Processing files using up to 2 processes at a time 
[2023-03-10T08:19:57.281+0000] {manager.py:484} INFO - Process each file at most once every 30 seconds
[2023-03-10T08:19:57.282+0000] {manager.py:486} INFO - Checking for new files in /opt/airflow/dags every 300 seconds
[2023-03-10T08:19:57.282+0000] {manager.py:726} INFO - Searching for files in /opt/airflow/dags
[2023-03-10T08:19:57.284+0000] {manager.py:729} INFO - There are 0 files in /opt/airflow/dags
[2023-03-10T08:24:57.851+0000] {manager.py:726} INFO - Searching for files in /opt/airflow/dags
[2023-03-10T08:24:57.852+0000] {manager.py:729} INFO - There are 0 files in /opt/airflow/dags
[2023-03-10T08:29:58.317+0000] {manager.py:726} INFO - Searching for files in /opt/airflow/dags
[2023-03-10T08:29:58.318+0000] {manager.py:729} INFO - There are 0 files in /opt/airflow/dags
[2023-03-10T08:34:58.826+0000] {manager.py:726} INFO - Searching for files in /opt/airflow/dags
[2023-03-10T08:34:58.829+0000] {manager.py:729} INFO - There are 0 files in /opt/airflow/dags
[2023-03-10T08:39:59.315+0000] {manager.py:726} INFO - Searching for files in /opt/airflow/dags
[2023-03-10T08:39:59.317+0000] {manager.py:729} INFO - There are 0 files in /opt/airflow/dags
[2023-03-10T08:44:59.798+0000] {manager.py:726} INFO - Searching for files in /opt/airflow/dags
[2023-03-10T08:44:59.802+0000] {manager.py:729} INFO - There are 0 files in /opt/airflow/dags
[2023-03-10T08:45:01.627+0000] {manager.py:465} INFO - Exiting gracefully upon receiving signal 15
[2023-03-10T08:46:11.925+0000] {manager.py:483} INFO - Processing files using up to 2 processes at a time 
[2023-03-10T08:46:11.931+0000] {manager.py:484} INFO - Process each file at most once every 30 seconds
[2023-03-10T08:46:11.931+0000] {manager.py:486} INFO - Checking for new files in /opt/airflow/dags every 300 seconds
[2023-03-10T08:46:11.931+0000] {manager.py:726} INFO - Searching for files in /opt/airflow/dags
[2023-03-10T08:46:11.934+0000] {manager.py:729} INFO - There are 0 files in /opt/airflow/dags
[2023-03-10T08:51:12.524+0000] {manager.py:726} INFO - Searching for files in /opt/airflow/dags
[2023-03-10T08:51:12.525+0000] {manager.py:729} INFO - There are 0 files in /opt/airflow/dags
[2023-03-10T08:53:51.814+0000] {manager.py:465} INFO - Exiting gracefully upon receiving signal 15
[2023-03-10T08:57:44.170+0000] {manager.py:483} INFO - Processing files using up to 2 processes at a time 
[2023-03-10T08:57:44.175+0000] {manager.py:484} INFO - Process each file at most once every 30 seconds
[2023-03-10T08:57:44.175+0000] {manager.py:486} INFO - Checking for new files in /opt/airflow/dags every 300 seconds
[2023-03-10T08:57:44.176+0000] {manager.py:726} INFO - Searching for files in /opt/airflow/dags
[2023-03-10T08:57:44.188+0000] {manager.py:729} INFO - There are 1 files in /opt/airflow/dags
[2023-03-10T08:57:44.312+0000] {manager.py:854} INFO - 
================================================================================
DAG File Processing Stats

File Path                            PID  Runtime      # DAGs    # Errors  Last Runtime    Last Run
---------------------------------  -----  ---------  --------  ----------  --------------  ----------
/opt/airflow/dags/ingest_to_db.py    178  0.06s             0           0
================================================================================
[2023-03-10T08:58:14.418+0000] {manager.py:854} INFO - 
================================================================================
DAG File Processing Stats

File Path                          PID    Runtime      # DAGs    # Errors  Last Runtime    Last Run
---------------------------------  -----  ---------  --------  ----------  --------------  -------------------
/opt/airflow/dags/ingest_to_db.py                           1           0  2.00s           2023-03-10T08:57:46
================================================================================
[2023-03-10T08:58:44.624+0000] {manager.py:854} INFO - 
================================================================================
DAG File Processing Stats

File Path                          PID    Runtime      # DAGs    # Errors  Last Runtime    Last Run
---------------------------------  -----  ---------  --------  ----------  --------------  -------------------
/opt/airflow/dags/ingest_to_db.py                           1           0  0.55s           2023-03-10T08:58:39
================================================================================
[2023-03-10T08:59:14.805+0000] {manager.py:854} INFO - 
================================================================================
DAG File Processing Stats

File Path                          PID    Runtime      # DAGs    # Errors  Last Runtime    Last Run
---------------------------------  -----  ---------  --------  ----------  --------------  -------------------
/opt/airflow/dags/ingest_to_db.py                           1           0  0.55s           2023-03-10T08:59:10
================================================================================
[2023-03-10T08:59:44.957+0000] {manager.py:854} INFO - 
================================================================================
DAG File Processing Stats

File Path                          PID    Runtime      # DAGs    # Errors  Last Runtime    Last Run
---------------------------------  -----  ---------  --------  ----------  --------------  -------------------
/opt/airflow/dags/ingest_to_db.py                           1           0  0.60s           2023-03-10T08:59:41
================================================================================
[2023-03-10T09:00:15.016+0000] {manager.py:854} INFO - 
================================================================================
DAG File Processing Stats

File Path                          PID    Runtime      # DAGs    # Errors  Last Runtime    Last Run
---------------------------------  -----  ---------  --------  ----------  --------------  -------------------
/opt/airflow/dags/ingest_to_db.py                           1           0  0.91s           2023-03-10T09:00:01
================================================================================
[2023-03-10T09:00:45.359+0000] {manager.py:854} INFO - 
================================================================================
DAG File Processing Stats

File Path                          PID    Runtime      # DAGs    # Errors  Last Runtime    Last Run
---------------------------------  -----  ---------  --------  ----------  --------------  -------------------
/opt/airflow/dags/ingest_to_db.py                           1           0  0.74s           2023-03-10T09:00:32
================================================================================
[2023-03-10T09:01:15.503+0000] {manager.py:854} INFO - 
================================================================================
DAG File Processing Stats

File Path                          PID    Runtime      # DAGs    # Errors  Last Runtime    Last Run
---------------------------------  -----  ---------  --------  ----------  --------------  -------------------
/opt/airflow/dags/ingest_to_db.py                           1           0  0.57s           2023-03-10T09:01:03
================================================================================
[2023-03-10T09:01:45.760+0000] {manager.py:854} INFO - 
================================================================================
DAG File Processing Stats

File Path                          PID    Runtime      # DAGs    # Errors  Last Runtime    Last Run
---------------------------------  -----  ---------  --------  ----------  --------------  -------------------
/opt/airflow/dags/ingest_to_db.py                           1           0  0.55s           2023-03-10T09:01:34
================================================================================
[2023-03-10T09:02:15.931+0000] {manager.py:854} INFO - 
================================================================================
DAG File Processing Stats

File Path                          PID    Runtime      # DAGs    # Errors  Last Runtime    Last Run
---------------------------------  -----  ---------  --------  ----------  --------------  -------------------
/opt/airflow/dags/ingest_to_db.py                           1           0  0.79s           2023-03-10T09:02:05
================================================================================
[2023-03-10T09:02:44.258+0000] {manager.py:726} INFO - Searching for files in /opt/airflow/dags
[2023-03-10T09:02:44.260+0000] {manager.py:729} INFO - There are 1 files in /opt/airflow/dags
[2023-03-10T09:02:46.280+0000] {manager.py:854} INFO - 
================================================================================
DAG File Processing Stats

File Path                          PID    Runtime      # DAGs    # Errors  Last Runtime    Last Run
---------------------------------  -----  ---------  --------  ----------  --------------  -------------------
/opt/airflow/dags/ingest_to_db.py                           1           0  0.65s           2023-03-10T09:02:35
================================================================================
[2023-03-10T09:03:16.635+0000] {manager.py:854} INFO - 
================================================================================
DAG File Processing Stats

File Path                          PID    Runtime      # DAGs    # Errors  Last Runtime    Last Run
---------------------------------  -----  ---------  --------  ----------  --------------  -------------------
/opt/airflow/dags/ingest_to_db.py                           1           0  0.53s           2023-03-10T09:03:08
================================================================================
[2023-03-10T09:03:46.781+0000] {manager.py:854} INFO - 
================================================================================
DAG File Processing Stats

File Path                          PID    Runtime      # DAGs    # Errors  Last Runtime    Last Run
---------------------------------  -----  ---------  --------  ----------  --------------  -------------------
/opt/airflow/dags/ingest_to_db.py                           1           0  0.72s           2023-03-10T09:03:38
================================================================================
[2023-03-10T09:04:16.931+0000] {manager.py:854} INFO - 
================================================================================
DAG File Processing Stats

File Path                          PID    Runtime      # DAGs    # Errors  Last Runtime    Last Run
---------------------------------  -----  ---------  --------  ----------  --------------  -------------------
/opt/airflow/dags/ingest_to_db.py                           1           0  0.97s           2023-03-10T09:04:10
================================================================================
[2023-03-10T09:04:47.273+0000] {manager.py:854} INFO - 
================================================================================
DAG File Processing Stats

File Path                          PID    Runtime      # DAGs    # Errors  Last Runtime    Last Run
---------------------------------  -----  ---------  --------  ----------  --------------  -------------------
/opt/airflow/dags/ingest_to_db.py                           1           0  0.59s           2023-03-10T09:04:40
================================================================================
[2023-03-10T09:05:17.422+0000] {manager.py:854} INFO - 
================================================================================
DAG File Processing Stats

File Path                          PID    Runtime      # DAGs    # Errors  Last Runtime    Last Run
---------------------------------  -----  ---------  --------  ----------  --------------  -------------------
/opt/airflow/dags/ingest_to_db.py                           1           0  0.57s           2023-03-10T09:05:11
================================================================================
