[2023-03-10T09:05:11.715+0000] {taskinstance.py:1083} INFO - Dependencies all met for <TaskInstance: ingest_to_db.etl manual__2023-03-10T09:00:08.828389+00:00 [queued]>
[2023-03-10T09:05:11.730+0000] {taskinstance.py:1083} INFO - Dependencies all met for <TaskInstance: ingest_to_db.etl manual__2023-03-10T09:00:08.828389+00:00 [queued]>
[2023-03-10T09:05:11.731+0000] {taskinstance.py:1279} INFO - 
--------------------------------------------------------------------------------
[2023-03-10T09:05:11.731+0000] {taskinstance.py:1280} INFO - Starting attempt 2 of 3
[2023-03-10T09:05:11.731+0000] {taskinstance.py:1281} INFO - 
--------------------------------------------------------------------------------
[2023-03-10T09:05:11.755+0000] {taskinstance.py:1300} INFO - Executing <Task(PythonOperator): etl> on 2023-03-10 09:00:08.828389+00:00
[2023-03-10T09:05:11.764+0000] {standard_task_runner.py:55} INFO - Started process 680 to run task
[2023-03-10T09:05:11.769+0000] {standard_task_runner.py:82} INFO - Running: ['***', 'tasks', 'run', 'ingest_to_db', 'etl', 'manual__2023-03-10T09:00:08.828389+00:00', '--job-id', '7', '--raw', '--subdir', 'DAGS_FOLDER/ingest_to_db.py', '--cfg-path', '/tmp/tmpe1yk1ou6']
[2023-03-10T09:05:11.773+0000] {standard_task_runner.py:83} INFO - Job 7: Subtask etl
[2023-03-10T09:05:11.873+0000] {task_command.py:388} INFO - Running <TaskInstance: ingest_to_db.etl manual__2023-03-10T09:00:08.828389+00:00 [running]> on host b632355117cc
[2023-03-10T09:05:11.984+0000] {taskinstance.py:1509} INFO - Exporting the following env vars:
AIRFLOW_CTX_DAG_OWNER=***
AIRFLOW_CTX_DAG_ID=ingest_to_db
AIRFLOW_CTX_TASK_ID=etl
AIRFLOW_CTX_EXECUTION_DATE=2023-03-10T09:00:08.828389+00:00
AIRFLOW_CTX_TRY_NUMBER=2
AIRFLOW_CTX_DAG_RUN_ID=manual__2023-03-10T09:00:08.828389+00:00
[2023-03-10T09:05:12.690+0000] {python.py:177} INFO - Done. Returned value was: None
[2023-03-10T09:05:12.704+0000] {taskinstance.py:1323} INFO - Marking task as SUCCESS. dag_id=ingest_to_db, task_id=etl, execution_date=20230310T090008, start_date=20230310T090511, end_date=20230310T090512
[2023-03-10T09:05:12.748+0000] {local_task_job.py:208} INFO - Task exited with return code 0
[2023-03-10T09:05:12.777+0000] {taskinstance.py:2578} INFO - 0 downstream tasks scheduled from follow-on schedule check
